<?xml version="1.0" encoding="UTF-8"?>
<testsuite xmlns:xsi="http://www.w3.org/2001/XMLSchema-instance" xsi:noNamespaceSchemaLocation="https://maven.apache.org/surefire/maven-surefire-plugin/xsd/surefire-test-report.xsd" name="itbi.nifi.processor.processors.hashor.ContenHashingTest" time="1.385" tests="1" errors="0" skipped="0" failures="1">
  <properties>
[...]
</properties>
  <testcase name="testSingleAvroMessage" classname="itbi.nifi.processor.processors.hashor.ContenHashingTest" time="1.303">
    <failure message="expected:&lt;[[{&quot;name&quot;: &quot;Alyssa&quot;, &quot;favorite_number&quot;: 256, &quot;favorite_color&quot;: null}]]&gt; but was:&lt;[{&quot;name&quot;: &quot;Alyssa&quot;, &quot;favorite_number&quot;: 256, &quot;favorite_color&quot;: null}]&gt;" type="org.junit.ComparisonFailure">org.junit.ComparisonFailure: expected:&lt;[[{"name": "Alyssa", "favorite_number": 256, "favorite_color": null}]]&gt; but was:&lt;[{"name": "Alyssa", "favorite_number": 256, "favorite_color": null}]&gt;	at itbi.nifi.processor.processors.hashor.ContenHashingTest.testSingleAvroMessage(ContenHashingTest.java:53)</failure>
  </testcase>
</testsuite>